Arguments: 
  C:\Program Files\nodejs\node.exe C:\Program Files (x86)\Yarn\bin\yarn.js install

PATH: 
  C:\Users\MagicConch\bin;C:\Program Files\Git\mingw64\bin;C:\Program Files\Git\usr\local\bin;C:\Program Files\Git\usr\bin;C:\Program Files\Git\usr\bin;C:\Program Files\Git\mingw64\bin;C:\Program Files\Git\usr\bin;C:\Users\MagicConch\bin;C:\ProgramData\Oracle\Java\javapath;C:\WINDOWS\system32;C:\WINDOWS;C:\WINDOWS\System32\Wbem;C:\WINDOWS\System32\WindowsPowerShell\v1.0;C:\Program Files\Git\cmd;C:\Program Files\MongoDB\Server\3.4\bin;C:\Users\MagicConch\AppData\Roaming\npm\node_modules\express;C:\Users\MagicConch\AppData\Roaming\nvm;C:\Program Files\nodejs;C:\Program Files\PuTTY;C:\Program Files (x86)\Yarn\bin;C:\Ruby22-x64\bin;C:\Ruby23-x64\bin;C:\Users\MagicConch\AppData\Local\Microsoft\WindowsApps;C:\Users\MagicConch\AppData\Local\atom\bin;C:\Program Files (x86)\Microsoft VS Code\bin;C:\Users\MagicConch\AppData\Roaming\npm;C:\Users\MagicConch\AppData\Roaming\nvm;C:\Program Files\nodejs;C:\Users\MagicConch\AppData\Local\Yarn\bin;C:\Users\MagicConch\AppData\Local\Microsoft\WindowsApps;C:\Program Files\Git\usr\bin\vendor_perl;C:\Program Files\Git\usr\bin\core_perl

Yarn version: 
  0.24.6

Node version: 
  7.8.0

Platform: 
  win32 x64

npm manifest: 
  {
    "name": "meow",
    "version": "1.0.0",
    "description": "A Vue.js project",
    "author": "MagicConch <350043743@qq.com>",
    "private": true,
    "scripts": {
      "dev": "node build/dev-server.js",
      "start": "node build/dev-server.js",
      "build": "node build/build.js",
      "lint": "eslint --ext .js,.vue src"
    },
    "dependencies": {
      "vue": "^2.3.3",
      "vue-router": "^2.3.1"
    },
    "devDependencies": {
      "autoprefixer": "^6.7.2",
      "babel-core": "^6.22.1",
      "babel-eslint": "^7.1.1",
      "babel-loader": "^6.2.10",
      "babel-plugin-transform-runtime": "^6.22.0",
      "babel-preset-env": "^1.3.2",
      "babel-preset-stage-2": "^6.22.0",
      "babel-register": "^6.22.0",
      "chalk": "^1.1.3",
      "connect-history-api-fallback": "^1.3.0",
      "copy-webpack-plugin": "^4.0.1",
      "css-loader": "^0.28.0",
      "eslint": "^3.19.0",
      "eslint-friendly-formatter": "^2.0.7",
      "eslint-loader": "^1.7.1",
      "eslint-plugin-html": "^2.0.0",
      "eslint-config-standard": "^6.2.1",
      "eslint-plugin-promise": "^3.4.0",
      "eslint-plugin-standard": "^2.0.1",
      "eventsource-polyfill": "^0.9.6",
      "express": "^4.14.1",
      "extract-text-webpack-plugin": "^2.0.0",
      "file-loader": "^0.11.1",
      "friendly-errors-webpack-plugin": "^1.1.3",
      "html-webpack-plugin": "^2.28.0",
      "http-proxy-middleware": "^0.17.3",
      "webpack-bundle-analyzer": "^2.2.1",
      "semver": "^5.3.0",
      "shelljs": "^0.7.6",
      "opn": "^4.0.2",
      "optimize-css-assets-webpack-plugin": "^1.3.0",
      "ora": "^1.2.0",
      "rimraf": "^2.6.0",
      "url-loader": "^0.5.8",
      "vue-loader": "^12.1.0",
      "vue-style-loader": "^3.0.1",
      "vue-template-compiler": "^2.3.3",
      "webpack": "^2.6.1",
      "webpack-dev-middleware": "^1.10.0",
      "webpack-hot-middleware": "^2.18.0",
      "webpack-merge": "^4.1.0"
    },
    "engines": {
      "node": ">= 4.0.0",
      "npm": ">= 3.0.0"
    },
    "browserslist": [
      "> 1%",
      "last 2 versions",
      "not ie <= 8"
    ]
  }

yarn manifest: 
  No manifest

Lockfile: 
  No lockfile

Trace: 
  Error: ENOENT: no such file or directory, open 'C:\Users\MagicConch\AppData\Local\Yarn\cache\v1\npm-fsevents-1.1.2-3282b713fb3ad80ede0e9fcf4611b5aa6fc033f4\.yarn-metadata.json'
